[0.008s] Invoking command in '/home/deepet/VSCode/xyz_2st_project/build/fuel_interfaces': CONDA_PROMPT_MODIFIER=(xyz_2st_project) DEBUGINFOD_URLS=https://debuginfod.ubuntu.com /usr/bin/cmake /home/deepet/VSCode/xyz_2st_project/src/fuel_interfaces -DCATKIN_INSTALL_INTO_PREFIX_ROOT=0 -DCMAKE_INSTALL_PREFIX=/home/deepet/VSCode/xyz_2st_project/install/fuel_interfaces
[0.019s] -- Found ament_cmake: 2.5.4 (/opt/ros/jazzy/share/ament_cmake/cmake)
[0.173s] -- Found std_msgs: 5.3.6 (/opt/ros/jazzy/share/std_msgs/cmake)
[0.193s] -- Found rosidl_generator_c: 4.6.6 (/opt/ros/jazzy/share/rosidl_generator_c/cmake)
[0.199s] -- Found rosidl_generator_cpp: 4.6.6 (/opt/ros/jazzy/share/rosidl_generator_cpp/cmake)
[0.207s] -- Using all available rosidl_typesupport_c: rosidl_typesupport_fastrtps_c;rosidl_typesupport_introspection_c
[0.216s] -- Using all available rosidl_typesupport_cpp: rosidl_typesupport_fastrtps_cpp;rosidl_typesupport_introspection_cpp
[0.235s] -- Found rosidl_default_generators: 1.6.0 (/opt/ros/jazzy/share/rosidl_default_generators/cmake)
[0.240s] -- Found rosidl_adapter: 4.6.6 (/opt/ros/jazzy/share/rosidl_adapter/cmake)
[0.241s] -- Found ament_lint_auto: 0.17.3 (/opt/ros/jazzy/share/ament_lint_auto/cmake)
[0.260s] Traceback (most recent call last):
[0.262s]   File "/opt/ros/jazzy/share/ament_cmake_core/cmake/core/package_xml_2_cmake.py", line 22, in <module>
[0.262s]     from catkin_pkg.package import parse_package_string
[0.262s] ModuleNotFoundError: No module named 'catkin_pkg'
[0.265s] [31mCMake Error at /opt/ros/jazzy/share/ament_cmake_core/cmake/core/ament_package_xml.cmake:95 (message):
[0.265s]   execute_process(/home/deepet/miniconda3/envs/xyz_2st_project/bin/python3
[0.266s]   /opt/ros/jazzy/share/ament_cmake_core/cmake/core/package_xml_2_cmake.py
[0.266s]   /home/deepet/VSCode/xyz_2st_project/src/fuel_interfaces/package.xml
[0.266s]   /home/deepet/VSCode/xyz_2st_project/build/fuel_interfaces/ament_cmake_core/package.cmake)
[0.266s]   returned error code 1
[0.266s] Call Stack (most recent call first):
[0.266s]   /opt/ros/jazzy/share/ament_cmake_core/cmake/core/ament_package_xml.cmake:49 (_ament_package_xml)
[0.266s]   /opt/ros/jazzy/share/ament_lint_auto/cmake/ament_lint_auto_find_test_dependencies.cmake:31 (ament_package_xml)
[0.266s]   CMakeLists.txt:22 (ament_lint_auto_find_test_dependencies)
[0.266s] 
[0.266s] [0m
[0.266s] -- Configuring incomplete, errors occurred!
[0.271s] Invoked command in '/home/deepet/VSCode/xyz_2st_project/build/fuel_interfaces' returned '1': CONDA_PROMPT_MODIFIER=(xyz_2st_project) DEBUGINFOD_URLS=https://debuginfod.ubuntu.com /usr/bin/cmake /home/deepet/VSCode/xyz_2st_project/src/fuel_interfaces -DCATKIN_INSTALL_INTO_PREFIX_ROOT=0 -DCMAKE_INSTALL_PREFIX=/home/deepet/VSCode/xyz_2st_project/install/fuel_interfaces
